ISim log file
Running: /home/co-eda/Desktop/P7/mips_txt_isim_beh.exe -intstyle ise -gui -tclbatch isim.cmd -wdb /home/co-eda/Desktop/P7/mips_txt_isim_beh.wdb 
ISim P.20131013 (signature 0xfbc00daa)
This is a Full version of ISim.
Time resolution is 1 ps
# onerror resume
# wave add /
# run 10000 ns
Simulator is doing circuit initialization process.
Finished circuit initialization process.
@00003000: $29 <= 00000000
@00003004: $29 <= 00000010
@00003008: $31 <= 00003010
@00003040: $ 1 <= 7fff0000
@00004180: $16 <= 00008fff
@00004184: $17 <= 00003002
@00004188: $18 <= 00002ff8
@0000418c: $19 <= 000077f8
@00004190: $ 1 <= 00000000
@00004194: $22 <= 000031b4
@00004198: $ 1 <= 00000000
@0000419c: $23 <= 000031c0
@000041a0: $26 <= 00003044
@000041a4: $27 <= 00000014
@000041ac: *00000010 <= 00000002
@000041a8: $20 <= 00000002
@000041b4: *00000014 <= 00003044
@000041b0: $29 <= 00000014
@000041bc: *00000018 <= 00000014
@000041b8: $29 <= 00000018
@000041c0: $29 <= 0000001c
@000041f0: $26 <= 00003048
@00004180: $16 <= 00008fff
@00004184: $17 <= 00003002
@00004188: $18 <= 00002ff8
@0000418c: $19 <= 000077f8
@00004190: $ 1 <= 00000000
@00004194: $22 <= 000031b4
@00004198: $ 1 <= 00000000
@0000419c: $23 <= 000031c0
@000041a0: $26 <= 00003048
@000041a4: $27 <= 00000014
@000041ac: *0000001c <= 00000002
@000041a8: $20 <= 00000002
@000041b4: *00000020 <= 00003048
@000041b0: $29 <= 00000020
@000041bc: *00000024 <= 00000014
@000041b8: $29 <= 00000024
@000041c0: $29 <= 00000028
@000041f0: $26 <= 0000304c
@00004180: $16 <= 00008fff
@00004184: $17 <= 00003002
@00004188: $18 <= 00002ff8
@0000418c: $19 <= 000077f8
@00004190: $ 1 <= 00000000
@00004194: $22 <= 000031b4
@00004198: $ 1 <= 00000000
@0000419c: $23 <= 000031c0
@000041a0: $26 <= 0000304c
@000041a4: $27 <= 00000014
@000041ac: *00000028 <= 00000002
@000041a8: $20 <= 00000002
@000041b4: *0000002c <= 0000304c
@000041b0: $29 <= 0000002c
@000041bc: *00000030 <= 00000014
@000041b8: $29 <= 00000030
@000041c0: $29 <= 00000034
@000041f0: $26 <= 00003050
@00004180: $16 <= 00008fff
@00004184: $17 <= 00003002
@00004188: $18 <= 00002ff8
@0000418c: $19 <= 000077f8
@00004190: $ 1 <= 00000000
@00004194: $22 <= 000031b4
@00004198: $ 1 <= 00000000
@0000419c: $23 <= 000031c0
@000041a0: $26 <= 00003050
@000041a4: $27 <= 00000014
@000041ac: *00000034 <= 00000002
@000041a8: $20 <= 00000002
@000041b4: *00000038 <= 00003050
@000041b0: $29 <= 00000038
@000041bc: *0000003c <= 00000014
@000041b8: $29 <= 0000003c
@000041c0: $29 <= 00000040
@000041f0: $26 <= 00003054
@00004180: $16 <= 00008fff
@00004184: $17 <= 00003002
@00004188: $18 <= 00002ff8
@0000418c: $19 <= 000077f8
@00004190: $ 1 <= 00000000
@00004194: $22 <= 000031b4
@00004198: $ 1 <= 00000000
@0000419c: $23 <= 000031c0
@000041a0: $26 <= 00003054
@000041a4: $27 <= 00000014
@000041ac: *00000040 <= 00000002
@000041a8: $20 <= 00000002
@000041b4: *00000044 <= 00003054
@000041b0: $29 <= 00000044
@000041bc: *00000048 <= 00000014
@000041b8: $29 <= 00000048
@000041c0: $29 <= 0000004c
@000041f0: $26 <= 00003058
@00004180: $16 <= 00008fff
@00004184: $17 <= 00003002
@00004188: $18 <= 00002ff8
@0000418c: $19 <= 000077f8
@00004190: $ 1 <= 00000000
@00004194: $22 <= 000031b4
@00004198: $ 1 <= 00000000
@0000419c: $23 <= 000031c0
@000041a0: $26 <= 00003058
@000041a4: $27 <= 00000014
@000041ac: *0000004c <= 00000002
@000041a8: $20 <= 00000002
@000041b4: *00000050 <= 00003058
@000041b0: $29 <= 00000050
@000041bc: *00000054 <= 00000014
@000041b8: $29 <= 00000054
@000041c0: $29 <= 00000058
@000041f0: $26 <= 0000305c
@00004180: $16 <= 00008fff
@00004184: $17 <= 00003002
@00004188: $18 <= 00002ff8
@0000418c: $19 <= 000077f8
@00004190: $ 1 <= 00000000
@00004194: $22 <= 000031b4
@00004198: $ 1 <= 00000000
@0000419c: $23 <= 000031c0
@000041a0: $26 <= 0000305c
@000041a4: $27 <= 00000014
@000041ac: *00000058 <= 00000002
@000041a8: $20 <= 00000002
@000041b4: *0000005c <= 0000305c
@000041b0: $29 <= 0000005c
@000041bc: *00000060 <= 00000014
@000041b8: $29 <= 00000060
@000041c0: $29 <= 00000064
@000041f0: $26 <= 00003060
@00004180: $16 <= 00008fff
@00004184: $17 <= 00003002
@00004188: $18 <= 00002ff8
@0000418c: $19 <= 000077f8
@00004190: $ 1 <= 00000000
@00004194: $22 <= 000031b4
@00004198: $ 1 <= 00000000
@0000419c: $23 <= 000031c0
@000041a0: $26 <= 00003060
@000041a4: $27 <= 00000014
@000041ac: *00000064 <= 00000002
@000041a8: $20 <= 00000002
@000041b4: *00000068 <= 00003060
@000041b0: $29 <= 00000068
@000041bc: *0000006c <= 00000014
@000041b8: $29 <= 0000006c
@000041c0: $29 <= 00000070
@000041f0: $26 <= 00003064
@00004180: $16 <= 00008fff
@00004184: $17 <= 00003002
@00004188: $18 <= 00002ff8
@0000418c: $19 <= 000077f8
@00004190: $ 1 <= 00000000
@00004194: $22 <= 000031b4
@00004198: $ 1 <= 00000000
@0000419c: $23 <= 000031c0
@000041a0: $26 <= 00003064
@000041a4: $27 <= 00000014
@000041ac: *00000070 <= 00000002
@000041a8: $20 <= 00000002
@000041b4: *00000074 <= 00003064
@000041b0: $29 <= 00000074
@000041bc: *00000078 <= 00000014
@000041b8: $29 <= 00000078
@000041c0: $29 <= 0000007c
@000041f0: $26 <= 00003068
@00004180: $16 <= 00008fff
@00004184: $17 <= 00003002
@00004188: $18 <= 00002ff8
@0000418c: $19 <= 000077f8
@00004190: $ 1 <= 00000000
@00004194: $22 <= 000031b4
@00004198: $ 1 <= 00000000
@0000419c: $23 <= 000031c0
@000041a0: $26 <= 00003068
@000041a4: $27 <= 00000014
@000041ac: *0000007c <= 00000002
@000041a8: $20 <= 00000002
@000041b4: *00000080 <= 00003068
@000041b0: $29 <= 00000080
@000041bc: *00000084 <= 00000014
@000041b8: $29 <= 00000084
@000041c0: $29 <= 00000088
@000041f0: $26 <= 0000306c
@00004180: $16 <= 00008fff
@00004184: $17 <= 00003002
@00004188: $18 <= 00002ff8
@0000418c: $19 <= 000077f8
@00004190: $ 1 <= 00000000
@00004194: $22 <= 000031b4
@00004198: $ 1 <= 00000000
@0000419c: $23 <= 000031c0
@000041a0: $26 <= 0000306c
@000041a4: $27 <= 00000014
@000041ac: *00000088 <= 00000002
@000041a8: $20 <= 00000002
@000041b4: *0000008c <= 0000306c
@000041b0: $29 <= 0000008c
@000041bc: *00000090 <= 00000014
@000041b8: $29 <= 00000090
@000041c0: $29 <= 00000094
@000041f0: $26 <= 00003070
@00004180: $16 <= 00008fff
@00004184: $17 <= 00003002
@00004188: $18 <= 00002ff8
@0000418c: $19 <= 000077f8
@00004190: $ 1 <= 00000000
@00004194: $22 <= 000031b4
@00004198: $ 1 <= 00000000
@0000419c: $23 <= 000031c0
@000041a0: $26 <= 00003070
@000041a4: $27 <= 00000014
@000041ac: *00000094 <= 00000002
@000041a8: $20 <= 00000002
@000041b4: *00000098 <= 00003070
@000041b0: $29 <= 00000098
@000041bc: *0000009c <= 00000014
@000041b8: $29 <= 0000009c
@000041c0: $29 <= 000000a0
@000041f0: $26 <= 00003074
@00004180: $16 <= 00008fff
@00004184: $17 <= 00003002
@00004188: $18 <= 00002ff8
@0000418c: $19 <= 000077f8
@00004190: $ 1 <= 00000000
@00004194: $22 <= 000031b4
@00004198: $ 1 <= 00000000
@0000419c: $23 <= 000031c0
@000041a0: $26 <= 00003074
@000041a4: $27 <= 00000014
@000041ac: *000000a0 <= 00000002
@000041a8: $20 <= 00000002
@000041b4: *000000a4 <= 00003074
@000041b0: $29 <= 000000a4
@000041bc: *000000a8 <= 00000014
@000041b8: $29 <= 000000a8
@000041c0: $29 <= 000000ac
@000041f0: $26 <= 00003078
@00004180: $16 <= 00008fff
@00004184: $17 <= 00003002
@00004188: $18 <= 00002ff8
@0000418c: $19 <= 000077f8
@00004190: $ 1 <= 00000000
@00004194: $22 <= 000031b4
@00004198: $ 1 <= 00000000
@0000419c: $23 <= 000031c0
@000041a0: $26 <= 00003078
@000041a4: $27 <= 00000014
@000041ac: *000000ac <= 00000002
@000041a8: $20 <= 00000002
@000041b4: *000000b0 <= 00003078
@000041b0: $29 <= 000000b0
@000041bc: *000000b4 <= 00000014
@000041b8: $29 <= 000000b4
@000041c0: $29 <= 000000b8
@000041f0: $26 <= 0000307c
@00004180: $16 <= 00008fff
@00004184: $17 <= 00003002
@00004188: $18 <= 00002ff8
@0000418c: $19 <= 000077f8
@00004190: $ 1 <= 00000000
@00004194: $22 <= 000031b4
@00004198: $ 1 <= 00000000
@0000419c: $23 <= 000031c0
@000041a0: $26 <= 0000307c
@000041a4: $27 <= 00000014
@000041ac: *000000b8 <= 00000002
@000041a8: $20 <= 00000002
@000041b4: *000000bc <= 0000307c
@000041b0: $29 <= 000000bc
@000041bc: *000000c0 <= 00000014
@000041b8: $29 <= 000000c0
@000041c0: $29 <= 000000c4
@000041f0: $26 <= 00003080
@00004180: $16 <= 00008fff
@00004184: $17 <= 00003002
@00004188: $18 <= 00002ff8
@0000418c: $19 <= 000077f8
@00004190: $ 1 <= 00000000
@00004194: $22 <= 000031b4
@00004198: $ 1 <= 00000000
@0000419c: $23 <= 000031c0
@000041a0: $26 <= 00003080
@000041a4: $27 <= 00000014
@000041ac: *000000c4 <= 00000002
@000041a8: $20 <= 00000002
@000041b4: *000000c8 <= 00003080
@000041b0: $29 <= 000000c8
@000041bc: *000000cc <= 00000014
@000041b8: $29 <= 000000cc
@000041c0: $29 <= 000000d0
@000041f0: $26 <= 00003084
@00004180: $16 <= 00008fff
@00004184: $17 <= 00003002
@00004188: $18 <= 00002ff8
@0000418c: $19 <= 000077f8
@00004190: $ 1 <= 00000000
@00004194: $22 <= 000031b4
@00004198: $ 1 <= 00000000
@0000419c: $23 <= 000031c0
@000041a0: $26 <= 00003084
@000041a4: $27 <= 00000014
@000041ac: *000000d0 <= 00000002
@000041a8: $20 <= 00000002
@000041b4: *000000d4 <= 00003084
@000041b0: $29 <= 000000d4
@000041bc: *000000d8 <= 00000014
@000041b8: $29 <= 000000d8
@000041c0: $29 <= 000000dc
@000041f0: $26 <= 00003088
@00004180: $16 <= 00008fff
@00004184: $17 <= 00003002
@00004188: $18 <= 00002ff8
@0000418c: $19 <= 000077f8
@00004190: $ 1 <= 00000000
@00004194: $22 <= 000031b4
@00004198: $ 1 <= 00000000
@0000419c: $23 <= 000031c0
@000041a0: $26 <= 00003088
@000041a4: $27 <= 00000014
@000041ac: *000000dc <= 00000002
@000041a8: $20 <= 00000002
@000041b4: *000000e0 <= 00003088
@000041b0: $29 <= 000000e0
@000041bc: *000000e4 <= 00000014
@000041b8: $29 <= 000000e4
@000041c0: $29 <= 000000e8
@000041f0: $26 <= 0000308c
@00004180: $16 <= 00008fff
@00004184: $17 <= 00003002
@00004188: $18 <= 00002ff8
@0000418c: $19 <= 000077f8
@00004190: $ 1 <= 00000000
@00004194: $22 <= 000031b4
@00004198: $ 1 <= 00000000
@0000419c: $23 <= 000031c0
@000041a0: $26 <= 0000308c
@000041a4: $27 <= 00000014
@000041ac: *000000e8 <= 00000002
@000041a8: $20 <= 00000002
@000041b4: *000000ec <= 0000308c
@000041b0: $29 <= 000000ec
@000041bc: *000000f0 <= 00000014
@000041b8: $29 <= 000000f0
@000041c0: $29 <= 000000f4
@000041f0: $26 <= 00003090
@00004180: $16 <= 00008fff
@00004184: $17 <= 00003002
@00004188: $18 <= 00002ff8
@0000418c: $19 <= 000077f8
@00004190: $ 1 <= 00000000
@00004194: $22 <= 000031b4
@00004198: $ 1 <= 00000000
@0000419c: $23 <= 000031c0
@000041a0: $26 <= 00003090
@000041a4: $27 <= 00000014
@000041ac: *000000f4 <= 00000002
@000041a8: $20 <= 00000002
@000041b4: *000000f8 <= 00003090
@000041b0: $29 <= 000000f8
@000041bc: *000000fc <= 00000014
@000041b8: $29 <= 000000fc
@000041c0: $29 <= 00000100
@000041f0: $26 <= 00003094
@00004180: $16 <= 00008fff
@00004184: $17 <= 00003002
@00004188: $18 <= 00002ff8
@0000418c: $19 <= 000077f8
@00004190: $ 1 <= 00000000
@00004194: $22 <= 000031b4
@00004198: $ 1 <= 00000000
@0000419c: $23 <= 000031c0
@000041a0: $26 <= 00003094
@000041a4: $27 <= 00000014
@000041ac: *00000100 <= 00000002
@000041a8: $20 <= 00000002
@000041b4: *00000104 <= 00003094
@000041b0: $29 <= 00000104
@000041bc: *00000108 <= 00000014
@000041b8: $29 <= 00000108
@000041c0: $29 <= 0000010c
@000041f0: $26 <= 00003098
@00004180: $16 <= 00008fff
@00004184: $17 <= 00003002
@00004188: $18 <= 00002ff8
@0000418c: $19 <= 000077f8
@00004190: $ 1 <= 00000000
@00004194: $22 <= 000031b4
@00004198: $ 1 <= 00000000
@0000419c: $23 <= 000031c0
@000041a0: $26 <= 00003098
@000041a4: $27 <= 00000014
@000041ac: *0000010c <= 00000002
@000041a8: $20 <= 00000002
@000041b4: *00000110 <= 00003098
@000041b0: $29 <= 00000110
@000041bc: *00000114 <= 00000014
@000041b8: $29 <= 00000114
@000041c0: $29 <= 00000118
@000041f0: $26 <= 0000309c
@00004180: $16 <= 00008fff
@00004184: $17 <= 00003002
@00004188: $18 <= 00002ff8
@0000418c: $19 <= 000077f8
@00004190: $ 1 <= 00000000
@00004194: $22 <= 000031b4
@00004198: $ 1 <= 00000000
@0000419c: $23 <= 000031c0
@000041a0: $26 <= 0000309c
@000041a4: $27 <= 00000014
@000041ac: *00000118 <= 00000002
@000041a8: $20 <= 00000002
@000041b4: *0000011c <= 0000309c
@000041b0: $29 <= 0000011c
@000041bc: *00000120 <= 00000014
@000041b8: $29 <= 00000120
@000041c0: $29 <= 00000124
@000041f0: $26 <= 000030a0
@00004180: $16 <= 00008fff
@00004184: $17 <= 00003002
@00004188: $18 <= 00002ff8
@0000418c: $19 <= 000077f8
@00004190: $ 1 <= 00000000
@00004194: $22 <= 000031b4
@00004198: $ 1 <= 00000000
@0000419c: $23 <= 000031c0
@000041a0: $26 <= 000030a0
@000041a4: $27 <= 00000014
@000041ac: *00000124 <= 00000002
@000041a8: $20 <= 00000002
@000041b4: *00000128 <= 000030a0
@000041b0: $29 <= 00000128
@000041bc: *0000012c <= 00000014
@000041b8: $29 <= 0000012c
@000041c0: $29 <= 00000130
@000041f0: $26 <= 000030a4
@00004180: $16 <= 00008fff
@00004184: $17 <= 00003002
@00004188: $18 <= 00002ff8
@0000418c: $19 <= 000077f8
@00004190: $ 1 <= 00000000
@00004194: $22 <= 000031b4
@00004198: $ 1 <= 00000000
@0000419c: $23 <= 000031c0
@000041a0: $26 <= 000030a4
@000041a4: $27 <= 00000014
@000041ac: *00000130 <= 00000002
@000041a8: $20 <= 00000002
@000041b4: *00000134 <= 000030a4
@000041b0: $29 <= 00000134
@000041bc: *00000138 <= 00000014
@000041b8: $29 <= 00000138
@000041c0: $29 <= 0000013c
@000041f0: $26 <= 000030a8
@00004180: $16 <= 00008fff
@00004184: $17 <= 00003002
@00004188: $18 <= 00002ff8
@0000418c: $19 <= 000077f8
@00004190: $ 1 <= 00000000
@00004194: $22 <= 000031b4
@00004198: $ 1 <= 00000000
@0000419c: $23 <= 000031c0
@000041a0: $26 <= 000030a8
@000041a4: $27 <= 00000014
@000041ac: *0000013c <= 00000002
@000041a8: $20 <= 00000002
@000041b4: *00000140 <= 000030a8
@000041b0: $29 <= 00000140
@000041bc: *00000144 <= 00000014
@000041b8: $29 <= 00000144
@000041c0: $29 <= 00000148
@000041f0: $26 <= 000030ac
@00004180: $16 <= 00008fff
@00004184: $17 <= 00003002
@00004188: $18 <= 00002ff8
@0000418c: $19 <= 000077f8
@00004190: $ 1 <= 00000000
@00004194: $22 <= 000031b4
@00004198: $ 1 <= 00000000
@0000419c: $23 <= 000031c0
@000041a0: $26 <= 000030ac
@000041a4: $27 <= 00000014
@000041ac: *00000148 <= 00000002
@000041a8: $20 <= 00000002
@000041b4: *0000014c <= 000030ac
@000041b0: $29 <= 0000014c
@000041bc: *00000150 <= 00000014
@000041b8: $29 <= 00000150
@000041c0: $29 <= 00000154
@000041f0: $26 <= 000030b0
@00004180: $16 <= 00008fff
@00004184: $17 <= 00003002
@00004188: $18 <= 00002ff8
@0000418c: $19 <= 000077f8
@00004190: $ 1 <= 00000000
@00004194: $22 <= 000031b4
@00004198: $ 1 <= 00000000
@0000419c: $23 <= 000031c0
@000041a0: $26 <= 000030b0
@000041a4: $27 <= 00000014
@000041ac: *00000154 <= 00000002
@000041a8: $20 <= 00000002
@000041b4: *00000158 <= 000030b0
@000041b0: $29 <= 00000158
@000041bc: *0000015c <= 00000014
@000041b8: $29 <= 0000015c
@000041c0: $29 <= 00000160
@000041f0: $26 <= 000030b4
@00004180: $16 <= 00008fff
@00004184: $17 <= 00003002
@00004188: $18 <= 00002ff8
@0000418c: $19 <= 000077f8
@00004190: $ 1 <= 00000000
@00004194: $22 <= 000031b4
@00004198: $ 1 <= 00000000
@0000419c: $23 <= 000031c0
@000041a0: $26 <= 000030b4
@000041a4: $27 <= 00000014
@000041ac: *00000160 <= 00000002
@000041a8: $20 <= 00000002
@000041b4: *00000164 <= 000030b4
@000041b0: $29 <= 00000164
@000041bc: *00000168 <= 00000014
@000041b8: $29 <= 00000168
@000041c0: $29 <= 0000016c
@000041f0: $26 <= 000030b8
@00004180: $16 <= 00008fff
@00004184: $17 <= 00003002
@00004188: $18 <= 00002ff8
@0000418c: $19 <= 000077f8
@00004190: $ 1 <= 00000000
@00004194: $22 <= 000031b4
@00004198: $ 1 <= 00000000
@0000419c: $23 <= 000031c0
@000041a0: $26 <= 000030b8
@000041a4: $27 <= 00000014
@000041ac: *0000016c <= 00000002
@000041a8: $20 <= 00000002
@000041b4: *00000170 <= 000030b8
@000041b0: $29 <= 00000170
@000041bc: *00000174 <= 00000014
@000041b8: $29 <= 00000174
@000041c0: $29 <= 00000178
@000041f0: $26 <= 000030bc
@00004180: $16 <= 00008fff
@00004184: $17 <= 00003002
@00004188: $18 <= 00002ff8
@0000418c: $19 <= 000077f8
@00004190: $ 1 <= 00000000
@00004194: $22 <= 000031b4
@00004198: $ 1 <= 00000000
@0000419c: $23 <= 000031c0
@000041a0: $26 <= 000030bc
@000041a4: $27 <= 00000014
@000041ac: *00000178 <= 00000002
@000041a8: $20 <= 00000002
@000041b4: *0000017c <= 000030bc
@000041b0: $29 <= 0000017c
@000041bc: *00000180 <= 00000014
@000041b8: $29 <= 00000180
@000041c0: $29 <= 00000184
@000041f0: $26 <= 000030c0
@00004180: $16 <= 00008fff
@00004184: $17 <= 00003002
@00004188: $18 <= 00002ff8
@0000418c: $19 <= 000077f8
@00004190: $ 1 <= 00000000
@00004194: $22 <= 000031b4
@00004198: $ 1 <= 00000000
@0000419c: $23 <= 000031c0
@000041a0: $26 <= 000030c0
@000041a4: $27 <= 00000014
@000041ac: *00000184 <= 00000002
@000041a8: $20 <= 00000002
@000041b4: *00000188 <= 000030c0
@000041b0: $29 <= 00000188
@000041bc: *0000018c <= 00000014
@000041b8: $29 <= 0000018c
@000041c0: $29 <= 00000190
@000041f0: $26 <= 000030c4
@00004180: $16 <= 00008fff
@00004184: $17 <= 00003002
@00004188: $18 <= 00002ff8
@0000418c: $19 <= 000077f8
@00004190: $ 1 <= 00000000
@00004194: $22 <= 000031b4
@00004198: $ 1 <= 00000000
@0000419c: $23 <= 000031c0
@000041a0: $26 <= 000030c4
@000041a4: $27 <= 00000014
@000041ac: *00000190 <= 00000002
@000041a8: $20 <= 00000002
@000041b4: *00000194 <= 000030c4
@000041b0: $29 <= 00000194
@000041bc: *00000198 <= 00000014
@000041b8: $29 <= 00000198
@000041c0: $29 <= 0000019c
@000041f0: $26 <= 000030c8
@00004180: $16 <= 00008fff
@00004184: $17 <= 00003002
@00004188: $18 <= 00002ff8
@0000418c: $19 <= 000077f8
@00004190: $ 1 <= 00000000
@00004194: $22 <= 000031b4
@00004198: $ 1 <= 00000000
@0000419c: $23 <= 000031c0
@000041a0: $26 <= 000030c8
@000041a4: $27 <= 00000014
@000041ac: *0000019c <= 00000002
@000041a8: $20 <= 00000002
@000041b4: *000001a0 <= 000030c8
@000041b0: $29 <= 000001a0
@000041bc: *000001a4 <= 00000014
@000041b8: $29 <= 000001a4
@000041c0: $29 <= 000001a8
@000041f0: $26 <= 000030cc
@00004180: $16 <= 00008fff
@00004184: $17 <= 00003002
@00004188: $18 <= 00002ff8
@0000418c: $19 <= 000077f8
@00004190: $ 1 <= 00000000
@00004194: $22 <= 000031b4
@00004198: $ 1 <= 00000000
@0000419c: $23 <= 000031c0
@000041a0: $26 <= 000030cc
@000041a4: $27 <= 00000014
@000041ac: *000001a8 <= 00000002
@000041a8: $20 <= 00000002
@000041b4: *000001ac <= 000030cc
@000041b0: $29 <= 000001ac
@000041bc: *000001b0 <= 00000014
@000041b8: $29 <= 000001b0
@000041c0: $29 <= 000001b4
@000041f0: $26 <= 000030d0
@00004180: $16 <= 00008fff
@00004184: $17 <= 00003002
@00004188: $18 <= 00002ff8
@0000418c: $19 <= 000077f8
@00004190: $ 1 <= 00000000
@00004194: $22 <= 000031b4
@00004198: $ 1 <= 00000000
@0000419c: $23 <= 000031c0
@000041a0: $26 <= 000030d0
@000041a4: $27 <= 00000014
@000041ac: *000001b4 <= 00000002
@000041a8: $20 <= 00000002
@000041b4: *000001b8 <= 000030d0
@000041b0: $29 <= 000001b8
@000041bc: *000001bc <= 00000014
@000041b8: $29 <= 000001bc
@000041c0: $29 <= 000001c0
@000041f0: $26 <= 000030d4
@00004180: $16 <= 00008fff
@00004184: $17 <= 00003002
@00004188: $18 <= 00002ff8
@0000418c: $19 <= 000077f8
@00004190: $ 1 <= 00000000
@00004194: $22 <= 000031b4
@00004198: $ 1 <= 00000000
@0000419c: $23 <= 000031c0
@000041a0: $26 <= 000030d4
@000041a4: $27 <= 00000014
@000041ac: *000001c0 <= 00000002
@000041a8: $20 <= 00000002
@000041b4: *000001c4 <= 000030d4
@000041b0: $29 <= 000001c4
@000041bc: *000001c8 <= 00000014
@000041b8: $29 <= 000001c8
@000041c0: $29 <= 000001cc
@000041f0: $26 <= 000030d8
@00003010: $31 <= 00003018
@000030e0: $ 1 <= 7fff0000
@00004180: $16 <= 00008fff
@00004184: $17 <= 00003002
@00004188: $18 <= 00002ff8
@0000418c: $19 <= 000077f8
@00004190: $ 1 <= 00000000
@00004194: $22 <= 000031b4
@00004198: $ 1 <= 00000000
@0000419c: $23 <= 000031c0
@000041a0: $26 <= 000030e4
@000041a4: $27 <= 00000010
@000041ac: *000001cc <= 00000002
@000041a8: $20 <= 00000002
@000041b4: *000001d0 <= 000030e4
@000041b0: $29 <= 000001d0
@000041bc: *000001d4 <= 00000010
@000041b8: $29 <= 000001d4
@000041c0: $29 <= 000001d8
@000041f0: $26 <= 000030e8
@00004180: $16 <= 00008fff
@00004184: $17 <= 00003002
@00004188: $18 <= 00002ff8
@0000418c: $19 <= 000077f8
@00004190: $ 1 <= 00000000
@00004194: $22 <= 000031b4
@00004198: $ 1 <= 00000000
@0000419c: $23 <= 000031c0
@000041a0: $26 <= 000030e8
@000041a4: $27 <= 00000010
@000041ac: *000001d8 <= 00000002
@000041a8: $20 <= 00000002
@000041b4: *000001dc <= 000030e8
@000041b0: $29 <= 000001dc
@000041bc: *000001e0 <= 00000010
@000041b8: $29 <= 000001e0
@000041c0: $29 <= 000001e4
@000041f0: $26 <= 000030ec
@00004180: $16 <= 00008fff
@00004184: $17 <= 00003002
@00004188: $18 <= 00002ff8
@0000418c: $19 <= 000077f8
@00004190: $ 1 <= 00000000
@00004194: $22 <= 000031b4
@00004198: $ 1 <= 00000000
@0000419c: $23 <= 000031c0
@000041a0: $26 <= 000030ec
@000041a4: $27 <= 00000010
@000041ac: *000001e4 <= 00000002
@000041a8: $20 <= 00000002
@000041b4: *000001e8 <= 000030ec
@000041b0: $29 <= 000001e8
@000041bc: *000001ec <= 00000010
@000041b8: $29 <= 000001ec
@000041c0: $29 <= 000001f0
@000041f0: $26 <= 000030f0
@00004180: $16 <= 00008fff
@00004184: $17 <= 00003002
@00004188: $18 <= 00002ff8
@0000418c: $19 <= 000077f8
@00004190: $ 1 <= 00000000
@00004194: $22 <= 000031b4
@00004198: $ 1 <= 00000000
@0000419c: $23 <= 000031c0
@000041a0: $26 <= 000030f0
@000041a4: $27 <= 00000010
@000041ac: *000001f0 <= 00000002
@000041a8: $20 <= 00000002
@000041b4: *000001f4 <= 000030f0
@000041b0: $29 <= 000001f4
@000041bc: *000001f8 <= 00000010
@000041b8: $29 <= 000001f8
@000041c0: $29 <= 000001fc
@000041f0: $26 <= 000030f4
@00004180: $16 <= 00008fff
@00004184: $17 <= 00003002
@00004188: $18 <= 00002ff8
@0000418c: $19 <= 000077f8
@00004190: $ 1 <= 00000000
@00004194: $22 <= 000031b4
@00004198: $ 1 <= 00000000
@0000419c: $23 <= 000031c0
@000041a0: $26 <= 000030f4
@000041a4: $27 <= 00000010
@000041ac: *000001fc <= 00000002
@000041a8: $20 <= 00000002
@000041b4: *00000200 <= 000030f4
@000041b0: $29 <= 00000200
@000041bc: *00000204 <= 00000010
@000041b8: $29 <= 00000204
@000041c0: $29 <= 00000208
@000041f0: $26 <= 000030f8
@00004180: $16 <= 00008fff
@00004184: $17 <= 00003002
@00004188: $18 <= 00002ff8
@0000418c: $19 <= 000077f8
@00004190: $ 1 <= 00000000
@00004194: $22 <= 000031b4
@00004198: $ 1 <= 00000000
@0000419c: $23 <= 000031c0
@000041a0: $26 <= 000030f8
@000041a4: $27 <= 00000010
@000041ac: *00000208 <= 00000002
@000041a8: $20 <= 00000002
@000041b4: *0000020c <= 000030f8
@000041b0: $29 <= 0000020c
@000041bc: *00000210 <= 00000010
@000041b8: $29 <= 00000210
@000041c0: $29 <= 00000214
@000041f0: $26 <= 000030fc
@00004180: $16 <= 00008fff
@00004184: $17 <= 00003002
@00004188: $18 <= 00002ff8
@0000418c: $19 <= 000077f8
@00004190: $ 1 <= 00000000
@00004194: $22 <= 000031b4
@00004198: $ 1 <= 00000000
@0000419c: $23 <= 000031c0
@000041a0: $26 <= 000030fc
@000041a4: $27 <= 00000010
@000041ac: *00000214 <= 00000002
@000041a8: $20 <= 00000002
@000041b4: *00000218 <= 000030fc
@000041b0: $29 <= 00000218
@000041bc: *0000021c <= 00000010
@000041b8: $29 <= 0000021c
@000041c0: $29 <= 00000220
@000041f0: $26 <= 00003100
@00004180: $16 <= 00008fff
@00004184: $17 <= 00003002
@00004188: $18 <= 00002ff8
@0000418c: $19 <= 000077f8
@00004190: $ 1 <= 00000000
@00004194: $22 <= 000031b4
@00004198: $ 1 <= 00000000
@0000419c: $23 <= 000031c0
@000041a0: $26 <= 00003100
@000041a4: $27 <= 00000010
@000041ac: *00000220 <= 00000002
@000041a8: $20 <= 00000002
@000041b4: *00000224 <= 00003100
@000041b0: $29 <= 00000224
@000041bc: *00000228 <= 00000010
@000041b8: $29 <= 00000228
@000041c0: $29 <= 0000022c
@000041f0: $26 <= 00003104
@00004180: $16 <= 00008fff
@00004184: $17 <= 00003002
@00004188: $18 <= 00002ff8
@0000418c: $19 <= 000077f8
@00004190: $ 1 <= 00000000
@00004194: $22 <= 000031b4
@00004198: $ 1 <= 00000000
@0000419c: $23 <= 000031c0
@000041a0: $26 <= 00003104
@000041a4: $27 <= 00000010
@000041ac: *0000022c <= 00000002
@000041a8: $20 <= 00000002
@000041b4: *00000230 <= 00003104
@000041b0: $29 <= 00000230
@000041bc: *00000234 <= 00000010
@000041b8: $29 <= 00000234
@000041c0: $29 <= 00000238
@000041f0: $26 <= 00003108
@00004180: $16 <= 00008fff
@00004184: $17 <= 00003002
@00004188: $18 <= 00002ff8
@0000418c: $19 <= 000077f8
@00004190: $ 1 <= 00000000
@00004194: $22 <= 000031b4
@00004198: $ 1 <= 00000000
@0000419c: $23 <= 000031c0
@000041a0: $26 <= 00003108
@000041a4: $27 <= 00000010
@000041ac: *00000238 <= 00000002
@000041a8: $20 <= 00000002
@000041b4: *0000023c <= 00003108
@000041b0: $29 <= 0000023c
@000041bc: *00000240 <= 00000010
@000041b8: $29 <= 00000240
@000041c0: $29 <= 00000244
@000041f0: $26 <= 0000310c
@00004180: $16 <= 00008fff
@00004184: $17 <= 00003002
@00004188: $18 <= 00002ff8
@0000418c: $19 <= 000077f8
@00004190: $ 1 <= 00000000
@00004194: $22 <= 000031b4
@00004198: $ 1 <= 00000000
@0000419c: $23 <= 000031c0
@000041a0: $26 <= 0000310c
@000041a4: $27 <= 00000010
@000041ac: *00000244 <= 00000002
@000041a8: $20 <= 00000002
@000041b4: *00000248 <= 0000310c
@000041b0: $29 <= 00000248
@000041bc: *0000024c <= 00000010
@000041b8: $29 <= 0000024c
@000041c0: $29 <= 00000250
@000041f0: $26 <= 00003110
@00004180: $16 <= 00008fff
@00004184: $17 <= 00003002
@00004188: $18 <= 00002ff8
@0000418c: $19 <= 000077f8
@00004190: $ 1 <= 00000000
@00004194: $22 <= 000031b4
@00004198: $ 1 <= 00000000
@0000419c: $23 <= 000031c0
@000041a0: $26 <= 00003110
@000041a4: $27 <= 00000010
@000041ac: *00000250 <= 00000002
@000041a8: $20 <= 00000002
@000041b4: *00000254 <= 00003110
@000041b0: $29 <= 00000254
@000041bc: *00000258 <= 00000010
@000041b8: $29 <= 00000258
@000041c0: $29 <= 0000025c
@000041f0: $26 <= 00003114
@00004180: $16 <= 00008fff
@00004184: $17 <= 00003002
@00004188: $18 <= 00002ff8
@0000418c: $19 <= 000077f8
@00004190: $ 1 <= 00000000
@00004194: $22 <= 000031b4
@00004198: $ 1 <= 00000000
@0000419c: $23 <= 000031c0
@000041a0: $26 <= 00003114
@000041a4: $27 <= 00000010
@000041ac: *0000025c <= 00000002
@000041a8: $20 <= 00000002
@000041b4: *00000260 <= 00003114
@000041b0: $29 <= 00000260
@000041bc: *00000264 <= 00000010
@000041b8: $29 <= 00000264
@000041c0: $29 <= 00000268
@000041f0: $26 <= 00003118
@00004180: $16 <= 00008fff
@00004184: $17 <= 00003002
@00004188: $18 <= 00002ff8
@0000418c: $19 <= 000077f8
@00004190: $ 1 <= 00000000
@00004194: $22 <= 000031b4
@00004198: $ 1 <= 00000000
@0000419c: $23 <= 000031c0
@000041a0: $26 <= 00003118
@000041a4: $27 <= 00000010
@000041ac: *00000268 <= 00000002
@000041a8: $20 <= 00000002
@000041b4: *0000026c <= 00003118
@000041b0: $29 <= 0000026c
@000041bc: *00000270 <= 00000010
@000041b8: $29 <= 00000270
@000041c0: $29 <= 00000274
@000041f0: $26 <= 0000311c
@00004180: $16 <= 00008fff
@00004184: $17 <= 00003002
@00004188: $18 <= 00002ff8
@0000418c: $19 <= 000077f8
@00004190: $ 1 <= 00000000
@00004194: $22 <= 000031b4
@00004198: $ 1 <= 00000000
@0000419c: $23 <= 000031c0
@000041a0: $26 <= 0000311c
@000041a4: $27 <= 00000010
@000041ac: *00000274 <= 00000002
@000041a8: $20 <= 00000002
@000041b4: *00000278 <= 0000311c
@000041b0: $29 <= 00000278
@000041bc: *0000027c <= 00000010
@000041b8: $29 <= 0000027c
@000041c0: $29 <= 00000280
@000041f0: $26 <= 00003120
@00004180: $16 <= 00008fff
@00004184: $17 <= 00003002
@00004188: $18 <= 00002ff8
@0000418c: $19 <= 000077f8
@00004190: $ 1 <= 00000000
@00004194: $22 <= 000031b4
@00004198: $ 1 <= 00000000
@0000419c: $23 <= 000031c0
@000041a0: $26 <= 00003120
@000041a4: $27 <= 00000010
@000041ac: *00000280 <= 00000002
@000041a8: $20 <= 00000002
@000041b4: *00000284 <= 00003120
@000041b0: $29 <= 00000284
@000041bc: *00000288 <= 00000010
@000041b8: $29 <= 00000288
@000041c0: $29 <= 0000028c
@000041f0: $26 <= 00003124
@00004180: $16 <= 00008fff
@00004184: $17 <= 00003002
@00004188: $18 <= 00002ff8
@0000418c: $19 <= 000077f8
@00004190: $ 1 <= 00000000
@00004194: $22 <= 000031b4
@00004198: $ 1 <= 00000000
@0000419c: $23 <= 000031c0
@000041a0: $26 <= 00003124
@000041a4: $27 <= 00000010
@000041ac: *0000028c <= 00000002
@000041a8: $20 <= 00000002
@000041b4: *00000290 <= 00003124
@000041b0: $29 <= 00000290
@000041bc: *00000294 <= 00000010
@000041b8: $29 <= 00000294
@000041c0: $29 <= 00000298
@000041f0: $26 <= 00003128
@00004180: $16 <= 00008fff
@00004184: $17 <= 00003002
@00004188: $18 <= 00002ff8
@0000418c: $19 <= 000077f8
@00004190: $ 1 <= 00000000
@00004194: $22 <= 000031b4
@00004198: $ 1 <= 00000000
@0000419c: $23 <= 000031c0
@000041a0: $26 <= 00003128
@000041a4: $27 <= 00000010
@000041ac: *00000298 <= 00000002
@000041a8: $20 <= 00000002
@000041b4: *0000029c <= 00003128
@000041b0: $29 <= 0000029c
@000041bc: *000002a0 <= 00000010
@000041b8: $29 <= 000002a0
@000041c0: $29 <= 000002a4
@000041f0: $26 <= 0000312c
@00004180: $16 <= 00008fff
@00004184: $17 <= 00003002
@00004188: $18 <= 00002ff8
@0000418c: $19 <= 000077f8
@00004190: $ 1 <= 00000000
@00004194: $22 <= 000031b4
@00004198: $ 1 <= 00000000
@0000419c: $23 <= 000031c0
@000041a0: $26 <= 0000312c
@000041a4: $27 <= 00000010
@000041ac: *000002a4 <= 00000002
@000041a8: $20 <= 00000002
@000041b4: *000002a8 <= 0000312c
@000041b0: $29 <= 000002a8
@000041bc: *000002ac <= 00000010
@000041b8: $29 <= 000002ac
@000041c0: $29 <= 000002b0
@000041f0: $26 <= 00003130
@00004180: $16 <= 00008fff
@00004184: $17 <= 00003002
@00004188: $18 <= 00002ff8
@0000418c: $19 <= 000077f8
@00004190: $ 1 <= 00000000
@00004194: $22 <= 000031b4
@00004198: $ 1 <= 00000000
@0000419c: $23 <= 000031c0
@000041a0: $26 <= 00003130
@000041a4: $27 <= 00000010
@000041ac: *000002b0 <= 00000002
@000041a8: $20 <= 00000002
@000041b4: *000002b4 <= 00003130
@000041b0: $29 <= 000002b4
@000041bc: *000002b8 <= 00000010
@000041b8: $29 <= 000002b8
@000041c0: $29 <= 000002bc
@000041f0: $26 <= 00003134
@00004180: $16 <= 00008fff
@00004184: $17 <= 00003002
@00004188: $18 <= 00002ff8
@0000418c: $19 <= 000077f8
@00004190: $ 1 <= 00000000
@00004194: $22 <= 000031b4
@00004198: $ 1 <= 00000000
@0000419c: $23 <= 000031c0
@000041a0: $26 <= 00003134
@000041a4: $27 <= 00000010
@000041ac: *000002bc <= 00000002
@000041a8: $20 <= 00000002
@000041b4: *000002c0 <= 00003134
@000041b0: $29 <= 000002c0
@000041bc: *000002c4 <= 00000010
@000041b8: $29 <= 000002c4
@000041c0: $29 <= 000002c8
@000041f0: $26 <= 00003138
@00004180: $16 <= 00008fff
@00004184: $17 <= 00003002
@00004188: $18 <= 00002ff8
@0000418c: $19 <= 000077f8
@00004190: $ 1 <= 00000000
@00004194: $22 <= 000031b4
@00004198: $ 1 <= 00000000
@0000419c: $23 <= 000031c0
@000041a0: $26 <= 00003138
@000041a4: $27 <= 00000010
@000041ac: *000002c8 <= 00000002
@000041a8: $20 <= 00000002
@000041b4: *000002cc <= 00003138
@000041b0: $29 <= 000002cc
@000041bc: *000002d0 <= 00000010
@000041b8: $29 <= 000002d0
@000041c0: $29 <= 000002d4
@000041f0: $26 <= 0000313c
@00004180: $16 <= 00008fff
@00004184: $17 <= 00003002
@00004188: $18 <= 00002ff8
@0000418c: $19 <= 000077f8
@00004190: $ 1 <= 00000000
@00004194: $22 <= 000031b4
@00004198: $ 1 <= 00000000
@0000419c: $23 <= 000031c0
@000041a0: $26 <= 0000313c
@000041a4: $27 <= 00000010
@000041ac: *000002d4 <= 00000002
@000041a8: $20 <= 00000002
@000041b4: *000002d8 <= 0000313c
@000041b0: $29 <= 000002d8
@000041bc: *000002dc <= 00000010
@000041b8: $29 <= 000002dc
@000041c0: $29 <= 000002e0
@000041f0: $26 <= 00003140
@00004180: $16 <= 00008fff
@00004184: $17 <= 00003002
@00004188: $18 <= 00002ff8
@0000418c: $19 <= 000077f8
@00004190: $ 1 <= 00000000
@00004194: $22 <= 000031b4
@00004198: $ 1 <= 00000000
@0000419c: $23 <= 000031c0
@000041a0: $26 <= 00003140
@000041a4: $27 <= 00000010
@000041ac: *000002e0 <= 00000002
@000041a8: $20 <= 00000002
@000041b4: *000002e4 <= 00003140
@000041b0: $29 <= 000002e4
@000041bc: *000002e8 <= 00000010
@000041b8: $29 <= 000002e8
@000041c0: $29 <= 000002ec
@000041f0: $26 <= 00003144
@00004180: $16 <= 00008fff
@00004184: $17 <= 00003002
@00004188: $18 <= 00002ff8
@0000418c: $19 <= 000077f8
@00004190: $ 1 <= 00000000
@00004194: $22 <= 000031b4
@00004198: $ 1 <= 00000000
@0000419c: $23 <= 000031c0
@000041a0: $26 <= 00003144
@000041a4: $27 <= 00000010
@000041ac: *000002ec <= 00000002
@000041a8: $20 <= 00000002
@000041b4: *000002f0 <= 00003144
@000041b0: $29 <= 000002f0
@000041bc: *000002f4 <= 00000010
@000041b8: $29 <= 000002f4
@000041c0: $29 <= 000002f8
@000041f0: $26 <= 00003148
@00004180: $16 <= 00008fff
@00004184: $17 <= 00003002
@00004188: $18 <= 00002ff8
@0000418c: $19 <= 000077f8
@00004190: $ 1 <= 00000000
@00004194: $22 <= 000031b4
@00004198: $ 1 <= 00000000
@0000419c: $23 <= 000031c0
@000041a0: $26 <= 00003148
@000041a4: $27 <= 00000010
@000041ac: *000002f8 <= 00000002
@000041a8: $20 <= 00000002
@000041b4: *000002fc <= 00003148
@000041b0: $29 <= 000002fc
@000041bc: *00000300 <= 00000010
@000041b8: $29 <= 00000300
@000041c0: $29 <= 00000304
@000041f0: $26 <= 0000314c
@00004180: $16 <= 00008fff
@00004184: $17 <= 00003002
@00004188: $18 <= 00002ff8
@0000418c: $19 <= 000077f8
@00004190: $ 1 <= 00000000
@00004194: $22 <= 000031b4
@00004198: $ 1 <= 00000000
@0000419c: $23 <= 000031c0
@000041a0: $26 <= 0000314c
@000041a4: $27 <= 00000010
@000041ac: *00000304 <= 00000002
@000041a8: $20 <= 00000002
@000041b4: *00000308 <= 0000314c
@000041b0: $29 <= 00000308
@000041bc: *0000030c <= 00000010
@000041b8: $29 <= 0000030c
@000041c0: $29 <= 00000310
@000041f0: $26 <= 00003150
@00004180: $16 <= 00008fff
@00004184: $17 <= 00003002
@00004188: $18 <= 00002ff8
@0000418c: $19 <= 000077f8
@00004190: $ 1 <= 00000000
@00004194: $22 <= 000031b4
@00004198: $ 1 <= 00000000
@0000419c: $23 <= 000031c0
@000041a0: $26 <= 00003150
@000041a4: $27 <= 00000010
@000041ac: *00000310 <= 00000002
@000041a8: $20 <= 00000002
@000041b4: *00000314 <= 00003150
@000041b0: $29 <= 00000314
@000041bc: *00000318 <= 00000010
@000041b8: $29 <= 00000318
@000041c0: $29 <= 0000031c
@000041f0: $26 <= 00003154
@00004180: $16 <= 00008fff
@00004184: $17 <= 00003002
@00004188: $18 <= 00002ff8
@0000418c: $19 <= 000077f8
@00004190: $ 1 <= 00000000
@00004194: $22 <= 000031b4
@00004198: $ 1 <= 00000000
# exit 0
