#! c:/iverilog-x86/bin/vvp
:ivl_version "10.0 (stable)" "(v10_0)";
:ivl_delay_selection "TYPICAL";
:vpi_time_precision + 0;
:vpi_module "system";
:vpi_module "vhdl_sys";
:vpi_module "v2005_math";
:vpi_module "va_math";
S_00993a90 .scope module, "ALU" "ALU" 2 1;
 .timescale 0 0;
    .port_info 0 /INPUT 4 "ALUctrl"
    .port_info 1 /INPUT 32 "A"
    .port_info 2 /INPUT 32 "B"
    .port_info 3 /OUTPUT 32 "ALUans"
o02c13fb4 .functor BUFZ 32, C4<zzzzzzzzzzzzzzzzzzzzzzzzzzzzzzzz>; HiZ drive
v00993b60_0 .net "A", 31 0, o02c13fb4;  0 drivers
v0099e448_0 .var "ALUans", 31 0;
o02c13fe4 .functor BUFZ 4, C4<zzzz>; HiZ drive
v0099e4a0_0 .net "ALUctrl", 3 0, o02c13fe4;  0 drivers
o02c13ffc .functor BUFZ 32, C4<zzzzzzzzzzzzzzzzzzzzzzzzzzzzzzzz>; HiZ drive
v0099e4f8_0 .net "B", 31 0, o02c13ffc;  0 drivers
v0099e550_0 .var "B_", 31 0;
E_02c11d00/0 .event edge, v0099e4a0_0, v0099e4f8_0, v00993b60_0, v0099e550_0;
E_02c11d00/1 .event edge, v0099e448_0;
E_02c11d00 .event/or E_02c11d00/0, E_02c11d00/1;
    .scope S_00993a90;
T_0 ;
    %wait E_02c11d00;
    %load/vec4 v0099e4a0_0;
    %parti/s 1, 2, 3;
    %pad/u 32;
    %cmpi/e 1, 0, 32;
    %flag_mov 8, 4;
    %jmp/0 T_0.0, 8;
    %load/vec4 v0099e4f8_0;
    %inv;
    %jmp/1 T_0.1, 8;
T_0.0 ; End of true expr.
    %load/vec4 v0099e4f8_0;
    %jmp/0 T_0.1, 8;
 ; End of false expr.
    %blend;
T_0.1;
    %store/vec4 v0099e550_0, 0, 32;
    %load/vec4 v0099e4a0_0;
    %parti/s 2, 0, 2;
    %dup/vec4;
    %pushi/vec4 0, 0, 2;
    %cmp/u;
    %jmp/1 T_0.2, 6;
    %dup/vec4;
    %pushi/vec4 1, 0, 2;
    %cmp/u;
    %jmp/1 T_0.3, 6;
    %dup/vec4;
    %pushi/vec4 2, 0, 2;
    %cmp/u;
    %jmp/1 T_0.4, 6;
    %dup/vec4;
    %pushi/vec4 3, 0, 2;
    %cmp/u;
    %jmp/1 T_0.5, 6;
    %jmp T_0.6;
T_0.2 ;
    %load/vec4 v00993b60_0;
    %load/vec4 v0099e550_0;
    %and;
    %store/vec4 v0099e448_0, 0, 32;
    %jmp T_0.6;
T_0.3 ;
    %load/vec4 v00993b60_0;
    %load/vec4 v0099e550_0;
    %or;
    %store/vec4 v0099e448_0, 0, 32;
    %jmp T_0.6;
T_0.4 ;
    %load/vec4 v00993b60_0;
    %load/vec4 v0099e550_0;
    %add;
    %pushi/vec4 0, 0, 31;
    %load/vec4 v0099e4a0_0;
    %parti/s 1, 2, 3;
    %concat/vec4; draw_concat_vec4
    %add;
    %store/vec4 v0099e448_0, 0, 32;
    %jmp T_0.6;
T_0.5 ;
    %pushi/vec4 0, 0, 31;
    %load/vec4 v00993b60_0;
    %load/vec4 v0099e550_0;
    %cmp/e;
    %flag_get/vec4 4;
    %concat/vec4; draw_concat_vec4
    %store/vec4 v0099e448_0, 0, 32;
    %jmp T_0.6;
T_0.6 ;
    %pop/vec4 1;
    %load/vec4 v0099e4a0_0;
    %parti/s 1, 3, 3;
    %flag_set/vec4 8;
    %jmp/0 T_0.7, 8;
    %load/vec4 v0099e448_0;
    %parti/s 16, 0, 2;
    %concati/vec4 0, 0, 16;
    %jmp/1 T_0.8, 8;
T_0.7 ; End of true expr.
    %load/vec4 v0099e448_0;
    %jmp/0 T_0.8, 8;
 ; End of false expr.
    %blend;
T_0.8;
    %store/vec4 v0099e448_0, 0, 32;
    %jmp T_0;
    .thread T_0, $push;
# The file index is used to find the file name in the following table.
:file_names 3;
    "N/A";
    "<interactive>";
    "ALU.v";
