#! c:/iverilog-x86/bin/vvp
:ivl_version "10.0 (stable)" "(v10_0)";
:ivl_delay_selection "TYPICAL";
:vpi_time_precision + 0;
:vpi_module "system";
:vpi_module "vhdl_sys";
:vpi_module "v2005_math";
:vpi_module "va_math";
S_00953a08 .scope module, "ALUmux" "ALUmux" 2 1;
 .timescale 0 0;
    .port_info 0 /INPUT 32 "RD1"
    .port_info 1 /INPUT 32 "RD2"
    .port_info 2 /INPUT 16 "imm"
    .port_info 3 /OUTPUT 32 "A"
    .port_info 4 /OUTPUT 32 "B"
    .port_info 5 /INPUT 1 "ALUsrc"
    .port_info 6 /INPUT 1 "ExtOp"
o02c31cd4 .functor BUFZ 32, C4<zzzzzzzzzzzzzzzzzzzzzzzzzzzzzzzz>; HiZ drive
L_0095ef88 .functor BUFZ 32, o02c31cd4, C4<00000000000000000000000000000000>, C4<00000000000000000000000000000000>, C4<00000000000000000000000000000000>;
v009591b8_0 .net "A", 31 0, L_0095ef88;  1 drivers
o02c31c8c .functor BUFZ 1, C4<z>; HiZ drive
v00953ad8_0 .net "ALUsrc", 0 0, o02c31c8c;  0 drivers
v00953b30_0 .net "B", 31 0, L_0095eb70;  1 drivers
o02c31cbc .functor BUFZ 1, C4<z>; HiZ drive
v00953b88_0 .net "ExtOp", 0 0, o02c31cbc;  0 drivers
v0095e678_0 .net "RD1", 31 0, o02c31cd4;  0 drivers
o02c31cec .functor BUFZ 32, C4<zzzzzzzzzzzzzzzzzzzzzzzzzzzzzzzz>; HiZ drive
v0095e6d0_0 .net "RD2", 31 0, o02c31cec;  0 drivers
v0095e728_0 .net *"_s10", 31 0, L_0095ed28;  1 drivers
v0095ea10_0 .net *"_s3", 0 0, L_0095e7a8;  1 drivers
v0095e8b0_0 .net *"_s4", 15 0, L_0095ed80;  1 drivers
v0095e858_0 .net *"_s6", 31 0, L_0095eac0;  1 drivers
L_02c61fd0 .functor BUFT 1, C4<0000000000000000>, C4<0>, C4<0>, C4<0>;
v0095e908_0 .net/2u *"_s8", 15 0, L_02c61fd0;  1 drivers
o02c31d7c .functor BUFZ 16, C4<zzzzzzzzzzzzzzzz>; HiZ drive
v0095e960_0 .net "imm", 15 0, o02c31d7c;  0 drivers
v0095ec78_0 .net "immTmp", 31 0, L_0095edd8;  1 drivers
L_0095e7a8 .part o02c31d7c, 15, 1;
LS_0095ed80_0_0 .concat [ 1 1 1 1], L_0095e7a8, L_0095e7a8, L_0095e7a8, L_0095e7a8;
LS_0095ed80_0_4 .concat [ 1 1 1 1], L_0095e7a8, L_0095e7a8, L_0095e7a8, L_0095e7a8;
LS_0095ed80_0_8 .concat [ 1 1 1 1], L_0095e7a8, L_0095e7a8, L_0095e7a8, L_0095e7a8;
LS_0095ed80_0_12 .concat [ 1 1 1 1], L_0095e7a8, L_0095e7a8, L_0095e7a8, L_0095e7a8;
L_0095ed80 .concat [ 4 4 4 4], LS_0095ed80_0_0, LS_0095ed80_0_4, LS_0095ed80_0_8, LS_0095ed80_0_12;
L_0095eac0 .concat [ 16 16 0 0], o02c31d7c, L_0095ed80;
L_0095ed28 .concat [ 16 16 0 0], o02c31d7c, L_02c61fd0;
L_0095edd8 .functor MUXZ 32, L_0095ed28, L_0095eac0, o02c31cbc, C4<>;
L_0095eb70 .functor MUXZ 32, o02c31cec, L_0095edd8, o02c31c8c, C4<>;
# The file index is used to find the file name in the following table.
:file_names 3;
    "N/A";
    "<interactive>";
    "ALUmux.v";
