#! c:/iverilog-x86/bin/vvp
:ivl_version "10.0 (stable)" "(v10_0)";
:ivl_delay_selection "TYPICAL";
:vpi_time_precision + 0;
:vpi_module "system";
:vpi_module "vhdl_sys";
:vpi_module "v2005_math";
:vpi_module "va_math";
S_01213a08 .scope module, "DM" "DM" 2 1;
 .timescale 0 0;
    .port_info 0 /INPUT 32 "addr"
    .port_info 1 /INPUT 32 "data"
    .port_info 2 /INPUT 1 "clk"
    .port_info 3 /INPUT 1 "reset"
    .port_info 4 /INPUT 1 "str"
    .port_info 5 /OUTPUT 32 "ldata"
L_02bc0eb0 .functor BUFZ 32, L_02bc0e58, C4<00000000000000000000000000000000>, C4<00000000000000000000000000000000>, C4<00000000000000000000000000000000>;
v01213b28_0 .net *"_s0", 31 0, L_02bc0e58;  1 drivers
o02ba3df4 .functor BUFZ 32, C4<zzzzzzzzzzzzzzzzzzzzzzzzzzzzzzzz>; HiZ drive
v01213b80_0 .net "addr", 31 0, o02ba3df4;  0 drivers
o02ba3e0c .functor BUFZ 1, C4<z>; HiZ drive
v0121ed78_0 .net "clk", 0 0, o02ba3e0c;  0 drivers
o02ba3e24 .functor BUFZ 32, C4<zzzzzzzzzzzzzzzzzzzzzzzzzzzzzzzz>; HiZ drive
v0121edd0_0 .net "data", 31 0, o02ba3e24;  0 drivers
v0121ee28_0 .var/i "i", 31 0;
v0121ee80_0 .net "ldata", 31 0, L_02bc0eb0;  1 drivers
v0121eed8 .array "matrix", 0 3071, 31 0;
o02ba3e6c .functor BUFZ 1, C4<z>; HiZ drive
v0121ef30_0 .net "reset", 0 0, o02ba3e6c;  0 drivers
o02ba3e84 .functor BUFZ 1, C4<z>; HiZ drive
v0121ef88_0 .net "str", 0 0, o02ba3e84;  0 drivers
E_01218040 .event posedge, v0121ef30_0, v0121ed78_0;
L_02bc0e58 .array/port v0121eed8, o02ba3df4;
    .scope S_01213a08;
T_0 ;
    %wait E_01218040;
    %load/vec4 v0121ef30_0;
    %flag_set/vec4 8;
    %jmp/0xz  T_0.0, 8;
    %pushi/vec4 0, 0, 32;
    %store/vec4 v0121ee28_0, 0, 32;
T_0.2 ;
    %load/vec4 v0121ee28_0;
    %cmpi/s 3071, 0, 32;
    %flag_or 5, 4;
    %jmp/0xz T_0.3, 5;
    %pushi/vec4 0, 0, 32;
    %ix/getv/s 3, v0121ee28_0;
    %ix/load 4, 0, 0; Constant delay
    %assign/vec4/a/d v0121eed8, 0, 4;
    %load/vec4 v0121ee28_0;
    %pushi/vec4 1, 0, 32;
    %add;
    %store/vec4 v0121ee28_0, 0, 32;
    %jmp T_0.2;
T_0.3 ;
    %jmp T_0.1;
T_0.0 ;
    %load/vec4 v0121ef88_0;
    %flag_set/vec4 8;
    %jmp/0xz  T_0.4, 8;
    %load/vec4 v0121edd0_0;
    %load/vec4 v01213b80_0;
    %parti/s 12, 2, 3;
    %pad/u 13;
    %ix/vec4 3;
    %ix/load 4, 0, 0; Constant delay
    %assign/vec4/a/d v0121eed8, 0, 4;
T_0.4 ;
T_0.1 ;
    %jmp T_0;
    .thread T_0;
# The file index is used to find the file name in the following table.
:file_names 3;
    "N/A";
    "<interactive>";
    "dm.v";
