#! c:/iverilog-x86/bin/vvp
:ivl_version "10.0 (stable)" "(v10_0)";
:ivl_delay_selection "TYPICAL";
:vpi_time_precision + 0;
:vpi_module "system";
:vpi_module "vhdl_sys";
:vpi_module "v2005_math";
:vpi_module "va_math";
S_01203a08 .scope module, "DMmux" "DMmux" 2 1;
 .timescale 0 0;
    .port_info 0 /INPUT 32 "ALUans"
    .port_info 1 /INPUT 1 "RD2"
    .port_info 2 /OUTPUT 32 "addr"
    .port_info 3 /OUTPUT 32 "data"
o02b81c74 .functor BUFZ 32, C4<zzzzzzzzzzzzzzzzzzzzzzzzzzzzzzzz>; HiZ drive
L_01205780 .functor BUFZ 32, o02b81c74, C4<00000000000000000000000000000000>, C4<00000000000000000000000000000000>, C4<00000000000000000000000000000000>;
v01203b10_0 .net "ALUans", 31 0, o02b81c74;  0 drivers
o02b81c8c .functor BUFZ 1, C4<z>; HiZ drive
v01203b68_0 .net "RD2", 0 0, o02b81c8c;  0 drivers
L_02babcc8 .functor BUFT 1, C4<0000000000000000000000000000000>, C4<0>, C4<0>, C4<0>;
v01205620_0 .net *"_s3", 30 0, L_02babcc8;  1 drivers
v01205678_0 .net "addr", 31 0, L_01205780;  1 drivers
v012056d0_0 .net "data", 31 0, L_01205728;  1 drivers
L_01205728 .concat [ 1 31 0 0], o02b81c8c, L_02babcc8;
# The file index is used to find the file name in the following table.
:file_names 3;
    "N/A";
    "<interactive>";
    "DMmux.v";
