#! c:/iverilog-x86/bin/vvp
:ivl_version "10.0 (stable)" "(v10_0)";
:ivl_delay_selection "TYPICAL";
:vpi_time_precision + 0;
:vpi_module "system";
:vpi_module "vhdl_sys";
:vpi_module "v2005_math";
:vpi_module "va_math";
S_0122c250 .scope module, "GRF" "GRF" 2 1;
 .timescale 0 0;
    .port_info 0 /INPUT 5 "A1"
    .port_info 1 /INPUT 5 "A2"
    .port_info 2 /INPUT 5 "A3"
    .port_info 3 /INPUT 32 "WD"
    .port_info 4 /INPUT 1 "WE"
    .port_info 5 /OUTPUT 32 "RD1"
    .port_info 6 /OUTPUT 32 "RD2"
    .port_info 7 /INPUT 1 "reset"
    .port_info 8 /INPUT 1 "clk"
    .port_info 9 /INPUT 32 "pc"
    .port_info 10 /OUTPUT 32 "ra"
L_01223a60 .functor BUFZ 32, L_0122e910, C4<00000000000000000000000000000000>, C4<00000000000000000000000000000000>, C4<00000000000000000000000000000000>;
L_0122ea10 .functor BUFZ 32, L_0122e2e0, C4<00000000000000000000000000000000>, C4<00000000000000000000000000000000>, C4<00000000000000000000000000000000>;
v0122e390_31 .array/port v0122e390, 31;
L_0122ea58 .functor BUFZ 32, v0122e390_31, C4<00000000000000000000000000000000>, C4<00000000000000000000000000000000>, C4<00000000000000000000000000000000>;
L_0122eaa0 .functor BUFZ 32, v0122e390_31, C4<00000000000000000000000000000000>, C4<00000000000000000000000000000000>, C4<00000000000000000000000000000000>;
o01103fc4 .functor BUFZ 5, C4<zzzzz>; HiZ drive
v0122c3b0_0 .net "A1", 4 0, o01103fc4;  0 drivers
o01103fdc .functor BUFZ 5, C4<zzzzz>; HiZ drive
v01223a08_0 .net "A2", 4 0, o01103fdc;  0 drivers
o01103ff4 .functor BUFZ 5, C4<zzzzz>; HiZ drive
v0122e440_0 .net "A3", 4 0, o01103ff4;  0 drivers
v0122e700_0 .net "RD1", 31 0, L_01223a60;  1 drivers
v0122e758_0 .net "RD2", 31 0, L_0122ea10;  1 drivers
o0110403c .functor BUFZ 32, C4<zzzzzzzzzzzzzzzzzzzzzzzzzzzzzzzz>; HiZ drive
v0122e860_0 .net "WD", 31 0, o0110403c;  0 drivers
o01104054 .functor BUFZ 1, C4<z>; HiZ drive
v0122e498_0 .net "WE", 0 0, o01104054;  0 drivers
v0122e8b8_0 .net *"_s0", 31 0, L_0122e910;  1 drivers
v0122e5f8_0 .net *"_s10", 6 0, L_0122e338;  1 drivers
L_01125028 .functor BUFT 1, C4<00>, C4<0>, C4<0>, C4<0>;
v0122e4f0_0 .net *"_s13", 1 0, L_01125028;  1 drivers
v0122e968_0 .net *"_s2", 6 0, L_0122e288;  1 drivers
L_01125000 .functor BUFT 1, C4<00>, C4<0>, C4<0>, C4<0>;
v0122e230_0 .net *"_s5", 1 0, L_01125000;  1 drivers
v0122e650_0 .net *"_s8", 31 0, L_0122e2e0;  1 drivers
o011040fc .functor BUFZ 1, C4<z>; HiZ drive
v0122e548_0 .net "clk", 0 0, o011040fc;  0 drivers
v0122e808_0 .var/i "i", 31 0;
v0122e390 .array "matrix", 31 0, 31 0;
o0110442c .functor BUFZ 32, C4<zzzzzzzzzzzzzzzzzzzzzzzzzzzzzzzz>; HiZ drive
v0122e7b0_0 .net "pc", 31 0, o0110442c;  0 drivers
RS_01104444 .resolv tri, L_0122ea58, L_0122eaa0;
v0122e5a0_0 .net8 "ra", 31 0, RS_01104444;  2 drivers
o0110445c .functor BUFZ 1, C4<z>; HiZ drive
v0122e6a8_0 .net "reset", 0 0, o0110445c;  0 drivers
E_01102e60 .event posedge, v0122e548_0;
L_0122e910 .array/port v0122e390, L_0122e288;
L_0122e288 .concat [ 5 2 0 0], o01103fc4, L_01125000;
L_0122e2e0 .array/port v0122e390, L_0122e338;
L_0122e338 .concat [ 5 2 0 0], o01103fdc, L_01125028;
    .scope S_0122c250;
T_0 ;
    %wait E_01102e60;
    %load/vec4 v0122e6a8_0;
    %flag_set/vec4 8;
    %jmp/0xz  T_0.0, 8;
    %pushi/vec4 0, 0, 32;
    %assign/vec4 v0122e808_0, 0;
T_0.2 ;
    %load/vec4 v0122e808_0;
    %cmpi/s 31, 0, 32;
    %flag_or 5, 4;
    %jmp/0xz T_0.3, 5;
    %pushi/vec4 0, 0, 32;
    %ix/getv/s 3, v0122e808_0;
    %ix/load 4, 0, 0; Constant delay
    %assign/vec4/a/d v0122e390, 0, 4;
    %load/vec4 v0122e808_0;
    %addi 1, 0, 32;
    %store/vec4 v0122e808_0, 0, 32;
    %jmp T_0.2;
T_0.3 ;
    %jmp T_0.1;
T_0.0 ;
    %load/vec4 v0122e498_0;
    %flag_set/vec4 8;
    %jmp/0xz  T_0.4, 8;
    %load/vec4 v0122e440_0;
    %pad/u 32;
    %cmpi/ne 0, 0, 32;
    %jmp/0xz  T_0.6, 4;
    %load/vec4 v0122e860_0;
    %load/vec4 v0122e440_0;
    %pad/u 7;
    %ix/vec4 3;
    %ix/load 4, 0, 0; Constant delay
    %assign/vec4/a/d v0122e390, 0, 4;
T_0.6 ;
    %vpi_call 2 30 "$display", "@%h: $%d <= %h", v0122e7b0_0, v0122e440_0, v0122e860_0 {0 0 0};
T_0.4 ;
T_0.1 ;
    %jmp T_0;
    .thread T_0;
# The file index is used to find the file name in the following table.
:file_names 3;
    "N/A";
    "<interactive>";
    "GRF.v";
