#! c:/iverilog-x86/bin/vvp
:ivl_version "10.0 (stable)" "(v10_0)";
:ivl_delay_selection "TYPICAL";
:vpi_time_precision + 0;
:vpi_module "system";
:vpi_module "vhdl_sys";
:vpi_module "v2005_math";
:vpi_module "va_math";
S_011a3a08 .scope module, "GRFmux" "GRFmux" 2 1;
 .timescale 0 0;
    .port_info 0 /INPUT 5 "rt"
    .port_info 1 /INPUT 5 "rd"
    .port_info 2 /INPUT 32 "ALUans"
    .port_info 3 /INPUT 32 "memdata"
    .port_info 4 /INPUT 32 "pc"
    .port_info 5 /INPUT 1 "JAL"
    .port_info 6 /INPUT 1 "LW"
    .port_info 7 /INPUT 1 "r_instr"
    .port_info 8 /OUTPUT 5 "dstReg"
    .port_info 9 /OUTPUT 32 "writeVal"
o01041c74 .functor BUFZ 32, C4<zzzzzzzzzzzzzzzzzzzzzzzzzzzzzzzz>; HiZ drive
v011a3ad8_0 .net "ALUans", 31 0, o01041c74;  0 drivers
o01041c8c .functor BUFZ 1, C4<z>; HiZ drive
v011a3b30_0 .net "JAL", 0 0, o01041c8c;  0 drivers
o01041ca4 .functor BUFZ 1, C4<z>; HiZ drive
v011a3b88_0 .net "LW", 0 0, o01041ca4;  0 drivers
L_01071cc8 .functor BUFT 1, C4<00000000000000000000000000000100>, C4<0>, C4<0>, C4<0>;
v011ae3d8_0 .net/2u *"_s2", 31 0, L_01071cc8;  1 drivers
v011ae430_0 .net *"_s4", 31 0, L_011ae810;  1 drivers
v011ae488_0 .net *"_s6", 31 0, L_011ae9c8;  1 drivers
v011ae4e0_0 .net "dstReg", 4 0, L_011ae970;  1 drivers
o01041d1c .functor BUFZ 32, C4<zzzzzzzzzzzzzzzzzzzzzzzzzzzzzzzz>; HiZ drive
v011ae538_0 .net "memdata", 31 0, o01041d1c;  0 drivers
o01041d34 .functor BUFZ 32, C4<zzzzzzzzzzzzzzzzzzzzzzzzzzzzzzzz>; HiZ drive
v011ae590_0 .net "pc", 31 0, o01041d34;  0 drivers
o01041d4c .functor BUFZ 1, C4<z>; HiZ drive
v011ae630_0 .net "r_instr", 0 0, o01041d4c;  0 drivers
o01041d64 .functor BUFZ 5, C4<zzzzz>; HiZ drive
v011ae688_0 .net "rd", 4 0, o01041d64;  0 drivers
o01041d7c .functor BUFZ 5, C4<zzzzz>; HiZ drive
v011aec88_0 .net "rt", 4 0, o01041d7c;  0 drivers
v011aeb28_0 .net "writeVal", 31 0, L_011aee40;  1 drivers
L_011ae970 .functor MUXZ 5, o01041d7c, o01041d64, o01041d4c, C4<>;
L_011ae810 .arith/sum 32, o01041d34, L_01071cc8;
L_011ae9c8 .functor MUXZ 32, o01041c74, o01041d1c, o01041ca4, C4<>;
L_011aee40 .functor MUXZ 32, L_011ae9c8, L_011ae810, o01041c8c, C4<>;
# The file index is used to find the file name in the following table.
:file_names 3;
    "N/A";
    "<interactive>";
    "GRFmux.v";
