#! c:/iverilog-x86/bin/vvp
:ivl_version "10.0 (stable)" "(v10_0)";
:ivl_delay_selection "TYPICAL";
:vpi_time_precision + 0;
:vpi_module "system";
:vpi_module "vhdl_sys";
:vpi_module "v2005_math";
:vpi_module "va_math";
S_01103a08 .scope module, "IM" "IM" 2 1;
 .timescale 0 0;
    .port_info 0 /INPUT 32 "pc"
    .port_info 1 /OUTPUT 32 "instr"
L_0110d6e8 .functor BUFZ 32, L_0110d5c8, C4<00000000000000000000000000000000>, C4<00000000000000000000000000000000>, C4<00000000000000000000000000000000>;
v01105778_0 .net *"_s2", 31 0, L_0110d5c8;  1 drivers
v01103ad8_0 .net *"_s4", 13 0, L_0110d620;  1 drivers
L_02c3dcc0 .functor BUFT 1, C4<00>, C4<0>, C4<0>, C4<0>;
v01103b30_0 .net *"_s7", 1 0, L_02c3dcc0;  1 drivers
v01103b88_0 .net "addr", 11 0, L_0110d570;  1 drivers
v0110d468_0 .net "instr", 31 0, L_0110d6e8;  1 drivers
v0110d4c0 .array "matrix", 0 4095, 31 0;
o02c11cec .functor BUFZ 32, C4<zzzzzzzzzzzzzzzzzzzzzzzzzzzzzzzz>; HiZ drive
v0110d518_0 .net "pc", 31 0, o02c11cec;  0 drivers
L_0110d570 .part o02c11cec, 2, 12;
L_0110d5c8 .array/port v0110d4c0, L_0110d620;
L_0110d620 .concat [ 12 2 0 0], L_0110d570, L_02c3dcc0;
# The file index is used to find the file name in the following table.
:file_names 3;
    "N/A";
    "<interactive>";
    "im.v";
